2025-01-27 16:07:38 - Verificando horário: 16:07:38
2025-01-27 16:07:38 - Dentro do horário programado - iniciando
2025-01-27 16:07:38 - Iniciando serviço
2025-01-27 16:07:40 - Atividade do usuário detectada: Mouse movido para (1164, 779)
2025-01-27 16:07:45 - Atividade do usuário detectada: Mouse movido para (1094, 811)
2025-01-27 16:07:46 - Atividade do usuário detectada: Mouse movido para (1000, 540)
2025-01-27 16:07:47 - Atividade do usuário detectada: Mouse movido para (845, 472)
2025-01-27 16:07:48 - Atividade do usuário detectada: Mouse movido para (870, 535)
2025-01-27 16:07:49 - Atividade do usuário detectada: Mouse movido para (826, 575)
2025-01-27 16:07:50 - Atividade do usuário detectada: Mouse movido para (869, 565)
2025-01-27 16:07:52 - Atividade do usuário detectada: Mouse movido para (1180, 1064)
2025-01-27 16:07:53 - Atividade do usuário detectada: Mouse movido para (409, 209)
2025-01-27 16:07:54 - Atividade do usuário detectada: Mouse movido para (48, 110)
2025-01-27 16:07:55 - Atividade do usuário detectada: Mouse movido para (585, 289)
2025-01-27 16:07:56 - Atividade do usuário detectada: Mouse movido para (280, 264)
2025-01-27 16:07:57 - Atividade do usuário detectada: Mouse movido para (489, 151)
2025-01-27 16:07:58 - Atividade do usuário detectada: Mouse movido para (488, 151)
2025-01-27 16:07:59 - Atividade do usuário detectada: Mouse movido para (505, 549)
2025-01-27 16:08:00 - Atividade do usuário detectada: Mouse movido para (925, 516)
2025-01-27 16:08:01 - Atividade do usuário detectada: Mouse movido para (1833, 24)
2025-01-27 16:08:02 - Atividade do usuário detectada: Mouse movido para (1394, 369)
2025-01-27 16:08:03 - Atividade do usuário detectada: Mouse movido para (1116, 1041)
2025-01-27 16:08:04 - Atividade do usuário detectada: Mouse movido para (217, 202)
2025-01-27 16:08:05 - Atividade do usuário detectada: Mouse movido para (221, 203)
2025-01-27 16:08:07 - Atividade do usuário detectada: Mouse movido para (225, 253)
2025-01-27 16:08:08 - Atividade do usuário detectada: Mouse movido para (230, 212)
2025-01-27 16:08:09 - Atividade do usuário detectada: Mouse movido para (950, 626)
2025-01-27 16:08:10 - Atividade do usuário detectada: Mouse movido para (1081, 1070)
2025-01-27 16:08:11 - Atividade do usuário detectada: Mouse movido para (1326, 1062)
2025-01-27 16:08:12 - Atividade do usuário detectada: Mouse movido para (1046, 692)
2025-01-27 16:08:14 - Atividade do usuário detectada: Mouse movido para (1010, 670)
2025-01-27 16:08:15 - 1. Atualizando botões da interface...
2025-01-27 16:08:15 - 2. Procurando janelas do Teams...
2025-01-27 16:08:15 -    Encontrada janela: Keep Alive Manager - RDP & Teams (hwnd: 4262998)
2025-01-27 16:08:15 -    Encontrada janela: Atividade | RTA - Migración de sistemas legados (PI System) | Microsoft Teams (hwnd: 198652)
2025-01-27 16:08:15 -    Encontrada janela: keep-alive-app.py - KeepAliveRDPTeams - Visual Studio Code [Administrator] (hwnd: 67538)
2025-01-27 16:08:15 -    Encontrada janela: KeepAliveRDPTeams (hwnd: 1379458)
2025-01-27 16:08:15 - 3. Tentando janela: Keep Alive Manager - RDP & Teams
2025-01-27 16:08:15 - 4. Tentando focar a janela...
2025-01-27 16:08:15 -    Janela focada com sucesso
2025-01-27 16:08:15 - 5. Enviando Ctrl+Shift+P...
2025-01-27 16:08:17 - 6. Navegando até status: Ocupado
2025-01-27 16:08:17 -    Pressionando DOWN 3 vezes...
2025-01-27 16:08:17 -    Press 1/3
2025-01-27 16:08:17 -    Press 2/3
2025-01-27 16:08:17 -    Press 3/3
2025-01-27 16:08:17 - 7. Pressionando ENTER para selecionar...
2025-01-27 16:08:18 - 8. Voltando para a janela original...
2025-01-27 16:08:18 - Status alterado com sucesso!
2025-01-27 16:08:18 - Atividade do usuário detectada: Mouse movido para (876, 565)
2025-01-27 16:08:25 - Atividade do usuário detectada: Mouse movido para (898, 673)
2025-01-27 16:08:27 - 1. Atualizando botões da interface...
2025-01-27 16:08:27 - 2. Procurando janelas do Teams...
2025-01-27 16:08:27 -    Encontrada janela: Keep Alive Manager - RDP & Teams (hwnd: 4262998)
2025-01-27 16:08:27 -    Encontrada janela: Atividade | RTA - Migración de sistemas legados (PI System) | Microsoft Teams (hwnd: 198652)
2025-01-27 16:08:27 -    Encontrada janela: keep-alive-app.py - KeepAliveRDPTeams - Visual Studio Code [Administrator] (hwnd: 67538)
2025-01-27 16:08:27 -    Encontrada janela: KeepAliveRDPTeams (hwnd: 1379458)
2025-01-27 16:08:27 - 3. Tentando janela: Keep Alive Manager - RDP & Teams
2025-01-27 16:08:27 - 4. Tentando focar a janela...
2025-01-27 16:08:27 -    Janela focada com sucesso
2025-01-27 16:08:27 - 5. Enviando Ctrl+Shift+P...
2025-01-27 16:08:28 - 6. Navegando até status: Ocupado
2025-01-27 16:08:28 -    Pressionando DOWN 3 vezes...
2025-01-27 16:08:29 -    Press 1/3
2025-01-27 16:08:29 -    Press 2/3
2025-01-27 16:08:29 -    Press 3/3
2025-01-27 16:08:29 - 7. Pressionando ENTER para selecionar...
2025-01-27 16:08:30 - 8. Voltando para a janela original...
2025-01-27 16:08:30 - Status alterado com sucesso!
2025-01-27 16:08:30 - Atividade do usuário detectada: Mouse movido para (876, 581)
2025-01-27 16:08:35 - 1. Atualizando botões da interface...
2025-01-27 16:08:35 - 2. Procurando janelas do Teams...
2025-01-27 16:08:35 -    Encontrada janela: Keep Alive Manager - RDP & Teams (hwnd: 4262998)
2025-01-27 16:08:35 -    Encontrada janela: Atividade | RTA - Migración de sistemas legados (PI System) | Microsoft Teams (hwnd: 198652)
2025-01-27 16:08:35 -    Encontrada janela: keep-alive-app.py - KeepAliveRDPTeams - Visual Studio Code [Administrator] (hwnd: 67538)
2025-01-27 16:08:35 -    Encontrada janela: KeepAliveRDPTeams (hwnd: 1379458)
2025-01-27 16:08:35 - 3. Tentando janela: Keep Alive Manager - RDP & Teams
2025-01-27 16:08:35 - 4. Tentando focar a janela...
2025-01-27 16:08:36 -    Janela focada com sucesso
2025-01-27 16:08:36 - 5. Enviando Ctrl+Shift+P...
2025-01-27 16:08:37 - 6. Navegando até status: Não Perturbe
2025-01-27 16:08:37 -    Pressionando DOWN 4 vezes...
2025-01-27 16:08:37 -    Press 1/4
2025-01-27 16:08:37 -    Press 2/4
2025-01-27 16:08:38 -    Press 3/4
2025-01-27 16:08:38 -    Press 4/4
2025-01-27 16:08:38 - 7. Pressionando ENTER para selecionar...
2025-01-27 16:08:39 - 8. Voltando para a janela original...
2025-01-27 16:08:39 - Status alterado com sucesso!
2025-01-27 16:08:39 - Atividade do usuário detectada: Mouse movido para (940, 581)
2025-01-27 16:08:39 - Verificando horário: 16:08:39
2025-01-27 16:08:42 - Atividade do usuário detectada: Mouse movido para (1457, 370)
2025-01-27 16:08:43 - Atividade do usuário detectada: Mouse movido para (1507, 130)
2025-01-27 16:08:46 - Atividade do usuário detectada: Mouse movido para (1039, 647)
2025-01-27 16:08:47 - Atividade do usuário detectada: Mouse movido para (853, 1007)
2025-01-27 16:08:48 - Atividade do usuário detectada: Mouse movido para (475, 921)
2025-01-27 16:08:49 - Atividade do usuário detectada: Mouse movido para (416, 880)
2025-01-27 16:08:50 - Atividade do usuário detectada: Mouse movido para (329, 705)
2025-01-27 16:08:51 - Atividade do usuário detectada: Mouse movido para (334, 691)
2025-01-27 16:08:52 - Atividade do usuário detectada: Mouse movido para (352, 728)
2025-01-27 16:08:54 - Atividade do usuário detectada: Mouse movido para (353, 667)
2025-01-27 16:08:55 - Atividade do usuário detectada: Mouse movido para (354, 765)
2025-01-27 16:08:56 - Atividade do usuário detectada: Mouse movido para (334, 848)
2025-01-27 16:08:57 - Atividade do usuário detectada: Mouse movido para (630, 915)
2025-01-27 16:08:58 - Atividade do usuário detectada: Mouse movido para (811, 1058)
2025-01-27 16:08:59 - Atividade do usuário detectada: Mouse movido para (1122, 1070)
2025-01-27 16:09:00 - Atividade do usuário detectada: Mouse movido para (1174, 1066)
2025-01-27 16:09:01 - Atividade do usuário detectada: Mouse movido para (1229, 1064)
2025-01-27 16:09:02 - Atividade do usuário detectada: Mouse movido para (985, 1056)
2025-01-27 16:09:03 - Atividade do usuário detectada: Mouse movido para (1091, 961)
2025-01-27 16:09:04 - Atividade do usuário detectada: Mouse movido para (374, 980)
2025-01-27 16:09:35 - Atividade do usuário detectada: Mouse movido para (678, 1079)
2025-01-27 16:09:36 - Atividade do usuário detectada: Mouse movido para (1225, 1071)
2025-01-27 16:09:37 - Atividade do usuário detectada: Mouse movido para (1182, 1066)
2025-01-27 16:09:38 - Verificando horário: 16:09:38
2025-01-27 16:09:38 - Iniciando ciclo de atividade
2025-01-27 16:09:38 - Verificando conexão RDP
2025-01-27 16:09:38 - Tentando manter sessão RDP ativa
2025-01-27 16:09:38 - Erro ao manter RDP: module 'win32ts' has no attribute 'WTSResetPersistentSession'
2025-01-27 16:09:38 - Prevenindo bloqueio de tela
2025-01-27 16:09:38 - Ciclo completado: Mantendo conexões ativas
Última atividade: 16:09:38 (#1)
Próxima ação em 120 segundos
Status do Teams: Não Perturbe
2025-01-27 16:09:38 - Atividade do usuário detectada: Mouse movido para (1558, 349)
2025-01-27 16:09:39 - Atividade do usuário detectada: Mouse movido para (1519, 122)
2025-01-27 16:09:40 - Atividade do usuário detectada: Mouse movido para (1517, 123)
2025-01-27 16:09:41 - Atividade do usuário detectada: Mouse movido para (1550, 395)
2025-01-27 16:09:42 - Atividade do usuário detectada: Mouse movido para (1571, 287)
2025-01-27 16:09:43 - Atividade do usuário detectada: Mouse movido para (1234, 1059)
2025-01-27 16:09:44 - Atividade do usuário detectada: Mouse movido para (1328, 1066)
2025-01-27 16:09:45 - Atividade do usuário detectada: Mouse movido para (1032, 1069)
2025-01-27 16:09:46 - Atividade do usuário detectada: Mouse movido para (832, 1056)
2025-01-27 16:09:47 - Atividade do usuário detectada: Mouse movido para (783, 1064)
2025-01-27 16:09:48 - Atividade do usuário detectada: Mouse movido para (321, 110)
2025-01-27 16:09:49 - Atividade do usuário detectada: Mouse movido para (1234, 717)
2025-01-27 16:09:50 - Atividade do usuário detectada: Mouse movido para (1208, 121)
2025-01-27 16:09:51 - Atividade do usuário detectada: Mouse movido para (1151, 86)
2025-01-27 16:09:52 - Atividade do usuário detectada: Mouse movido para (1709, 922)
2025-01-27 16:09:53 - Atividade do usuário detectada: Mouse movido para (1677, 931)
2025-01-27 16:09:54 - Atividade do usuário detectada: Mouse movido para (735, 836)
2025-01-27 16:09:55 - Atividade do usuário detectada: Mouse movido para (909, 1015)
2025-01-27 16:09:56 - Atividade do usuário detectada: Mouse movido para (477, 968)
2025-01-27 16:09:57 - Atividade do usuário detectada: Mouse movido para (461, 971)
2025-01-27 16:09:59 - Atividade do usuário detectada: Mouse movido para (419, 986)
2025-01-27 16:10:38 - Verificando horário: 16:10:38
2025-01-27 16:11:01 - Atividade do usuário detectada: Mouse movido para (691, 737)
2025-01-27 16:11:02 - Atividade do usuário detectada: Mouse movido para (734, 725)
2025-01-27 16:11:03 - Atividade do usuário detectada: Mouse movido para (756, 749)
2025-01-27 16:11:04 - Atividade do usuário detectada: Mouse movido para (771, 706)
2025-01-27 16:11:05 - Atividade do usuário detectada: Mouse movido para (883, 704)
2025-01-27 16:11:06 - Atividade do usuário detectada: Mouse movido para (913, 725)
2025-01-27 16:11:07 - Atividade do usuário detectada: Mouse movido para (792, 655)
2025-01-27 16:11:08 - Atividade do usuário detectada: Mouse movido para (842, 684)
2025-01-27 16:11:09 - Atividade do usuário detectada: Mouse movido para (841, 683)
2025-01-27 16:11:11 - Atividade do usuário detectada: Mouse movido para (832, 698)
2025-01-27 16:11:12 - Atividade do usuário detectada: Mouse movido para (797, 689)
2025-01-27 16:11:13 - Atividade do usuário detectada: Mouse movido para (801, 684)
2025-01-27 16:11:15 - Atividade do usuário detectada: Mouse movido para (863, 660)
2025-01-27 16:11:16 - Atividade do usuário detectada: Mouse movido para (863, 671)
2025-01-27 16:11:17 - Atividade do usuário detectada: Mouse movido para (823, 653)
2025-01-27 16:11:18 - Atividade do usuário detectada: Mouse movido para (869, 720)
2025-01-27 16:11:19 - Atividade do usuário detectada: Mouse movido para (917, 784)
2025-01-27 16:11:20 - Atividade do usuário detectada: Mouse movido para (916, 780)
2025-01-27 16:11:27 - Atividade do usuário detectada: Mouse movido para (926, 705)
2025-01-27 16:11:28 - Atividade do usuário detectada: Mouse movido para (1125, 841)
2025-01-27 16:11:29 - Atividade do usuário detectada: Mouse movido para (1037, 1066)
2025-01-27 16:11:31 - Atividade do usuário detectada: Mouse movido para (1011, 1079)
2025-01-27 16:11:32 - Atividade do usuário detectada: Mouse movido para (1182, 1063)
2025-01-27 16:11:33 - Atividade do usuário detectada: Mouse movido para (499, 327)
2025-01-27 16:11:34 - Atividade do usuário detectada: Mouse movido para (203, 343)
2025-01-27 16:11:35 - Atividade do usuário detectada: Mouse movido para (459, 361)
2025-01-27 16:11:36 - Atividade do usuário detectada: Mouse movido para (702, 363)
2025-01-27 16:11:37 - Atividade do usuário detectada: Mouse movido para (1268, 383)
2025-01-27 16:11:38 - Atividade do usuário detectada: Mouse movido para (1659, 159)
2025-01-27 16:11:38 - Verificando horário: 16:11:38
2025-01-27 16:11:38 - Iniciando ciclo de atividade
2025-01-27 16:11:38 - Verificando conexão RDP
2025-01-27 16:11:38 - Tentando manter sessão RDP ativa
2025-01-27 16:11:38 - Erro ao manter RDP: module 'win32ts' has no attribute 'WTSResetPersistentSession'
2025-01-27 16:11:38 - Prevenindo bloqueio de tela
2025-01-27 16:11:38 - Ciclo completado: Mantendo conexões ativas
Última atividade: 16:11:38 (#2)
Próxima ação em 120 segundos
Status do Teams: Não Perturbe
2025-01-27 16:11:44 - Atividade do usuário detectada: Mouse movido para (1438, 50)
2025-01-27 16:11:45 - Atividade do usuário detectada: Mouse movido para (1527, 126)
2025-01-27 16:11:46 - Atividade do usuário detectada: Mouse movido para (1515, 124)
2025-01-27 16:11:47 - Atividade do usuário detectada: Mouse movido para (1475, 126)
2025-01-27 16:11:48 - Atividade do usuário detectada: Mouse movido para (1476, 129)
2025-01-27 16:11:50 - Atividade do usuário detectada: Mouse movido para (1506, 128)
2025-01-27 16:11:51 - Atividade do usuário detectada: Mouse movido para (1507, 353)
2025-01-27 16:11:52 - Atividade do usuário detectada: Mouse movido para (1486, 419)
2025-01-27 16:11:53 - Atividade do usuário detectada: Mouse movido para (1423, 129)
2025-01-27 16:11:54 - Atividade do usuário detectada: Mouse movido para (1719, 11)
2025-01-27 16:12:08 - Atividade do usuário detectada: Mouse movido para (271, 46)
2025-01-27 16:12:09 - Atividade do usuário detectada: Mouse movido para (286, 54)
2025-01-27 16:12:13 - Atividade do usuário detectada: Mouse movido para (1327, 213)
2025-01-27 16:12:14 - Atividade do usuário detectada: Mouse movido para (837, 422)
2025-01-27 16:12:15 - Atividade do usuário detectada: Mouse movido para (472, 355)
2025-01-27 16:12:16 - Atividade do usuário detectada: Mouse movido para (661, 411)
2025-01-27 16:12:17 - Atividade do usuário detectada: Mouse movido para (754, 377)
2025-01-27 16:12:18 - Atividade do usuário detectada: Mouse movido para (726, 349)
2025-01-27 16:12:19 - Atividade do usuário detectada: Mouse movido para (1576, 64)
2025-01-27 16:12:20 - Atividade do usuário detectada: Mouse movido para (1214, 81)
2025-01-27 16:12:21 - Atividade do usuário detectada: Mouse movido para (1169, 1061)
2025-01-27 16:12:22 - Atividade do usuário detectada: Mouse movido para (1669, 1013)
2025-01-27 16:12:23 - Atividade do usuário detectada: Mouse movido para (1227, 1040)
2025-01-27 16:12:24 - Atividade do usuário detectada: Mouse movido para (1414, 683)
2025-01-27 16:12:25 - Atividade do usuário detectada: Mouse movido para (1420, 650)
2025-01-27 16:12:29 - Atividade do usuário detectada: Mouse movido para (1358, 675)
2025-01-27 16:12:30 - Atividade do usuário detectada: Mouse movido para (1467, 822)
2025-01-27 16:12:31 - Atividade do usuário detectada: Mouse movido para (1413, 622)
2025-01-27 16:12:32 - Atividade do usuário detectada: Mouse movido para (1449, 220)
2025-01-27 16:12:33 - Atividade do usuário detectada: Mouse movido para (1606, 128)
2025-01-27 16:12:34 - Atividade do usuário detectada: Mouse movido para (1226, 498)
2025-01-27 16:12:35 - Atividade do usuário detectada: Mouse movido para (1315, 501)
2025-01-27 16:12:36 - Atividade do usuário detectada: Mouse movido para (1223, 670)
2025-01-27 16:12:37 - Atividade do usuário detectada: Mouse movido para (1211, 722)
2025-01-27 16:12:38 - Atividade do usuário detectada: Mouse movido para (1204, 727)
2025-01-27 16:12:38 - Verificando horário: 16:12:38
2025-01-27 16:12:39 - Atividade do usuário detectada: Mouse movido para (1204, 726)
2025-01-27 16:12:40 - Atividade do usuário detectada: Mouse movido para (822, 1053)
2025-01-27 16:12:41 - Atividade do usuário detectada: Mouse movido para (1122, 504)
2025-01-27 16:12:42 - Atividade do usuário detectada: Mouse movido para (1024, 95)
2025-01-27 16:12:43 - Atividade do usuário detectada: Mouse movido para (568, 90)
2025-01-27 16:12:44 - Atividade do usuário detectada: Mouse movido para (1131, 751)
2025-01-27 16:12:45 - Atividade do usuário detectada: Mouse movido para (1355, 964)
2025-01-27 16:12:46 - Atividade do usuário detectada: Mouse movido para (1362, 950)
2025-01-27 16:12:47 - Atividade do usuário detectada: Mouse movido para (1074, 931)
2025-01-27 16:12:48 - Atividade do usuário detectada: Mouse movido para (1005, 1058)
2025-01-27 16:12:49 - Atividade do usuário detectada: Mouse movido para (718, 942)
2025-01-27 16:12:50 - Atividade do usuário detectada: Mouse movido para (1046, 982)
2025-01-27 16:12:51 - Atividade do usuário detectada: Mouse movido para (277, 50)
2025-01-27 16:12:52 - Atividade do usuário detectada: Mouse movido para (440, 426)
2025-01-27 16:12:53 - Atividade do usuário detectada: Mouse movido para (479, 974)
2025-01-27 16:12:54 - Atividade do usuário detectada: Mouse movido para (477, 975)
2025-01-27 16:12:56 - Atividade do usuário detectada: Mouse movido para (1003, 1048)
2025-01-27 16:12:57 - Atividade do usuário detectada: Mouse movido para (1218, 1070)
2025-01-27 16:12:58 - Atividade do usuário detectada: Mouse movido para (1196, 902)
2025-01-27 16:12:59 - Atividade do usuário detectada: Mouse movido para (1222, 792)
2025-01-27 16:13:00 - Atividade do usuário detectada: Mouse movido para (987, 642)
2025-01-27 16:13:05 - Atividade do usuário detectada: Mouse movido para (1145, 721)
2025-01-27 16:13:06 - Atividade do usuário detectada: Mouse movido para (1144, 712)
2025-01-27 16:13:07 - Atividade do usuário detectada: Mouse movido para (1005, 1031)
2025-01-27 16:13:08 - Atividade do usuário detectada: Mouse movido para (783, 1051)
2025-01-27 16:13:09 - Atividade do usuário detectada: Mouse movido para (471, 19)
2025-01-27 16:13:10 - Atividade do usuário detectada: Mouse movido para (605, 109)
2025-01-27 16:13:11 - Atividade do usuário detectada: Mouse movido para (557, 75)
2025-01-27 16:13:12 - Atividade do usuário detectada: Mouse movido para (1371, 894)
2025-01-27 16:13:13 - Atividade do usuário detectada: Mouse movido para (1361, 869)
2025-01-27 16:13:14 - Atividade do usuário detectada: Mouse movido para (1363, 859)
2025-01-27 16:13:15 - Atividade do usuário detectada: Mouse movido para (770, 907)
2025-01-27 16:13:16 - Atividade do usuário detectada: Mouse movido para (945, 1076)
2025-01-27 16:13:17 - Atividade do usuário detectada: Mouse movido para (976, 1047)
2025-01-27 16:13:18 - Atividade do usuário detectada: Mouse movido para (650, 929)
2025-01-27 16:13:19 - Atividade do usuário detectada: Mouse movido para (585, 979)
2025-01-27 16:13:21 - Atividade do usuário detectada: Mouse movido para (860, 1002)
2025-01-27 16:13:22 - Atividade do usuário detectada: Mouse movido para (1108, 1055)
2025-01-27 16:13:23 - Atividade do usuário detectada: Mouse movido para (1176, 1065)
2025-01-27 16:13:24 - Atividade do usuário detectada: Mouse movido para (1207, 629)
2025-01-27 16:13:25 - Atividade do usuário detectada: Mouse movido para (1202, 621)
2025-01-27 16:13:27 - Atividade do usuário detectada: Mouse movido para (934, 1064)
2025-01-27 16:13:28 - Atividade do usuário detectada: Mouse movido para (843, 1065)
2025-01-27 16:13:29 - Atividade do usuário detectada: Mouse movido para (538, 60)
2025-01-27 16:13:30 - Atividade do usuário detectada: Mouse movido para (588, 185)
2025-01-27 16:13:31 - Atividade do usuário detectada: Mouse movido para (639, 213)
2025-01-27 16:13:32 - Atividade do usuário detectada: Mouse movido para (1338, 925)
2025-01-27 16:13:33 - Atividade do usuário detectada: Mouse movido para (1340, 952)
2025-01-27 16:13:34 - Atividade do usuário detectada: Mouse movido para (1216, 895)
2025-01-27 16:13:35 - Atividade do usuário detectada: Mouse movido para (947, 1059)
2025-01-27 16:13:36 - Atividade do usuário detectada: Mouse movido para (1086, 1058)
2025-01-27 16:13:37 - Atividade do usuário detectada: Mouse movido para (982, 1057)
2025-01-27 16:13:38 - Atividade do usuário detectada: Mouse movido para (573, 981)
2025-01-27 16:13:38 - Verificando horário: 16:13:38
2025-01-27 16:13:38 - Iniciando ciclo de atividade
2025-01-27 16:13:38 - Verificando conexão RDP
2025-01-27 16:13:38 - Tentando manter sessão RDP ativa
2025-01-27 16:13:38 - Erro ao manter RDP: module 'win32ts' has no attribute 'WTSResetPersistentSession'
2025-01-27 16:13:38 - Prevenindo bloqueio de tela
2025-01-27 16:13:38 - Ciclo completado: Mantendo conexões ativas
Última atividade: 16:13:38 (#3)
Próxima ação em 120 segundos
Status do Teams: Não Perturbe
2025-01-27 16:13:39 - Atividade do usuário detectada: Mouse movido para (437, 974)
2025-01-27 16:13:41 - Atividade do usuário detectada: Mouse movido para (1119, 1076)
2025-01-27 16:13:42 - Atividade do usuário detectada: Mouse movido para (1125, 1031)
2025-01-27 16:13:43 - Atividade do usuário detectada: Mouse movido para (1249, 775)
2025-01-27 16:13:45 - Atividade do usuário detectada: Mouse movido para (1108, 856)
2025-01-27 16:13:46 - Atividade do usuário detectada: Mouse movido para (831, 1064)
2025-01-27 16:13:47 - Atividade do usuário detectada: Mouse movido para (791, 1063)
2025-01-27 16:13:48 - Atividade do usuário detectada: Mouse movido para (499, 139)
2025-01-27 16:13:49 - Atividade do usuário detectada: Mouse movido para (481, 70)
2025-01-27 16:13:50 - Atividade do usuário detectada: Mouse movido para (556, 637)
2025-01-27 16:13:51 - Atividade do usuário detectada: Mouse movido para (1328, 969)
2025-01-27 16:13:52 - Atividade do usuário detectada: Mouse movido para (1378, 990)
2025-01-27 16:13:53 - Atividade do usuário detectada: Mouse movido para (1378, 985)
2025-01-27 16:13:54 - Atividade do usuário detectada: Mouse movido para (709, 991)
2025-01-27 16:13:55 - Atividade do usuário detectada: Mouse movido para (913, 1045)
2025-01-27 16:13:56 - Atividade do usuário detectada: Mouse movido para (1003, 1061)
2025-01-27 16:13:57 - Atividade do usuário detectada: Mouse movido para (977, 1058)
2025-01-27 16:13:58 - Atividade do usuário detectada: Mouse movido para (1012, 1056)
2025-01-27 16:13:59 - Atividade do usuário detectada: Mouse movido para (1030, 1006)
2025-01-27 16:14:00 - Atividade do usuário detectada: Mouse movido para (487, 990)
2025-01-27 16:14:01 - Atividade do usuário detectada: Mouse movido para (487, 974)
2025-01-27 16:14:03 - Atividade do usuário detectada: Mouse movido para (1209, 1079)
2025-01-27 16:14:04 - Atividade do usuário detectada: Mouse movido para (1201, 988)
2025-01-27 16:14:05 - Atividade do usuário detectada: Mouse movido para (1101, 564)
2025-01-27 16:14:06 - Atividade do usuário detectada: Mouse movido para (1134, 543)
2025-01-27 16:14:07 - Atividade do usuário detectada: Mouse movido para (1125, 534)
2025-01-27 16:14:08 - Atividade do usuário detectada: Mouse movido para (1125, 530)
2025-01-27 16:14:13 - Atividade do usuário detectada: Mouse movido para (1293, 498)
2025-01-27 16:14:14 - Atividade do usuário detectada: Mouse movido para (1294, 472)
2025-01-27 16:14:15 - Atividade do usuário detectada: Mouse movido para (1293, 471)
2025-01-27 16:14:16 - Atividade do usuário detectada: Mouse movido para (1155, 651)
2025-01-27 16:14:17 - Atividade do usuário detectada: Mouse movido para (1078, 972)
2025-01-27 16:14:20 - Atividade do usuário detectada: Mouse movido para (749, 969)
2025-01-27 16:14:21 - Atividade do usuário detectada: Mouse movido para (774, 955)
2025-01-27 16:14:22 - Atividade do usuário detectada: Mouse movido para (1234, 607)
2025-01-27 16:14:23 - Atividade do usuário detectada: Mouse movido para (1303, 363)
2025-01-27 16:14:24 - Atividade do usuário detectada: Mouse movido para (687, 75)
2025-01-27 16:14:25 - Atividade do usuário detectada: Mouse movido para (688, 60)
2025-01-27 16:14:27 - Atividade do usuário detectada: Mouse movido para (1417, 555)
2025-01-27 16:14:28 - Atividade do usuário detectada: Mouse movido para (778, 1073)
2025-01-27 16:14:29 - Atividade do usuário detectada: Mouse movido para (1023, 1058)
2025-01-27 16:14:30 - Atividade do usuário detectada: Mouse movido para (988, 1064)
2025-01-27 16:14:31 - Atividade do usuário detectada: Mouse movido para (1037, 1008)
2025-01-27 16:14:32 - Atividade do usuário detectada: Mouse movido para (152, 0)
2025-01-27 16:14:33 - Atividade do usuário detectada: Mouse movido para (234, 43)
2025-01-27 16:14:34 - Atividade do usuário detectada: Mouse movido para (425, 987)
2025-01-27 16:14:36 - Atividade do usuário detectada: Mouse movido para (433, 986)
2025-01-27 16:14:37 - Atividade do usuário detectada: Mouse movido para (653, 982)
2025-01-27 16:14:38 - Atividade do usuário detectada: Mouse movido para (1027, 1055)
2025-01-27 16:14:38 - Verificando horário: 16:14:38
2025-01-27 16:14:39 - Atividade do usuário detectada: Mouse movido para (1029, 1055)
2025-01-27 16:14:40 - Atividade do usuário detectada: Mouse movido para (984, 1060)
2025-01-27 16:14:41 - Atividade do usuário detectada: Mouse movido para (977, 755)
2025-01-27 16:14:42 - Atividade do usuário detectada: Mouse movido para (1674, 13)
2025-01-27 16:14:43 - Atividade do usuário detectada: Mouse movido para (560, 48)
2025-01-27 16:14:44 - Atividade do usuário detectada: Mouse movido para (551, 60)
2025-01-27 16:14:46 - Atividade do usuário detectada: Mouse movido para (242, 92)
2025-01-27 16:14:47 - Atividade do usuário detectada: Mouse movido para (360, 346)
2025-01-27 16:14:48 - Atividade do usuário detectada: Mouse movido para (605, 975)
2025-01-27 16:14:49 - Atividade do usuário detectada: Mouse movido para (96, 976)
2025-01-27 16:14:50 - Atividade do usuário detectada: Mouse movido para (82, 975)
2025-01-27 16:14:51 - Atividade do usuário detectada: Mouse movido para (348, 1013)
2025-01-27 16:14:52 - Atividade do usuário detectada: Mouse movido para (625, 988)
2025-01-27 16:14:53 - Atividade do usuário detectada: Mouse movido para (776, 982)
2025-01-27 16:14:55 - Atividade do usuário detectada: Mouse movido para (526, 984)
2025-01-27 16:14:56 - Atividade do usuário detectada: Mouse movido para (280, 1028)
2025-01-27 16:14:57 - Atividade do usuário detectada: Mouse movido para (243, 1011)
2025-01-27 16:14:58 - Atividade do usuário detectada: Mouse movido para (241, 1011)
2025-01-27 16:14:59 - Atividade do usuário detectada: Mouse movido para (566, 986)
2025-01-27 16:15:01 - Atividade do usuário detectada: Mouse movido para (602, 985)
2025-01-27 16:15:02 - Atividade do usuário detectada: Mouse movido para (817, 903)
2025-01-27 16:15:03 - Atividade do usuário detectada: Mouse movido para (685, 909)
2025-01-27 16:15:04 - Atividade do usuário detectada: Mouse movido para (627, 975)
2025-01-27 16:15:05 - Atividade do usuário detectada: Mouse movido para (609, 981)
2025-01-27 16:15:06 - Atividade do usuário detectada: Mouse movido para (764, 1030)
2025-01-27 16:15:07 - Atividade do usuário detectada: Mouse movido para (1181, 1060)
2025-01-27 16:15:08 - Atividade do usuário detectada: Mouse movido para (1144, 867)
2025-01-27 16:15:09 - Atividade do usuário detectada: Mouse movido para (1352, 91)
2025-01-27 16:15:10 - Atividade do usuário detectada: Mouse movido para (1149, 1079)
2025-01-27 16:15:11 - Atividade do usuário detectada: Mouse movido para (1213, 1069)
2025-01-27 16:15:12 - Atividade do usuário detectada: Mouse movido para (1088, 1060)
2025-01-27 16:15:13 - Atividade do usuário detectada: Mouse movido para (1145, 1056)
2025-01-27 16:15:14 - Atividade do usuário detectada: Mouse movido para (1170, 1057)
2025-01-27 16:15:15 - Atividade do usuário detectada: Mouse movido para (1172, 1057)
2025-01-27 16:15:16 - Atividade do usuário detectada: Mouse movido para (1178, 1055)
2025-01-27 16:15:17 - Atividade do usuário detectada: Mouse movido para (1158, 958)
2025-01-27 16:15:18 - Atividade do usuário detectada: Mouse movido para (1157, 958)
2025-01-27 16:15:19 - Atividade do usuário detectada: Mouse movido para (1080, 977)
2025-01-27 16:15:20 - Atividade do usuário detectada: Mouse movido para (1078, 973)
2025-01-27 16:15:21 - Atividade do usuário detectada: Mouse movido para (1187, 815)
2025-01-27 16:15:22 - Atividade do usuário detectada: Mouse movido para (1185, 809)
2025-01-27 16:15:23 - Atividade do usuário detectada: Mouse movido para (631, 704)
2025-01-27 16:15:24 - Atividade do usuário detectada: Mouse movido para (648, 649)
2025-01-27 16:15:25 - Atividade do usuário detectada: Mouse movido para (911, 157)
2025-01-27 16:15:26 - Atividade do usuário detectada: Mouse movido para (1020, 138)
2025-01-27 16:15:27 - Atividade do usuário detectada: Mouse movido para (577, 162)
2025-01-27 16:15:28 - Atividade do usuário detectada: Mouse movido para (570, 151)
2025-01-27 16:15:29 - Atividade do usuário detectada: Mouse movido para (806, 465)
2025-01-27 16:15:30 - Atividade do usuário detectada: Mouse movido para (549, 438)
2025-01-27 16:15:31 - Atividade do usuário detectada: Mouse movido para (551, 784)
2025-01-27 16:15:32 - Atividade do usuário detectada: Mouse movido para (816, 759)
2025-01-27 16:15:33 - Atividade do usuário detectada: Mouse movido para (843, 731)
2025-01-27 16:15:34 - Atividade do usuário detectada: Mouse movido para (1194, 43)
2025-01-27 16:15:35 - Atividade do usuário detectada: Mouse movido para (1354, 82)
2025-01-27 16:15:36 - Atividade do usuário detectada: Mouse movido para (953, 1011)
2025-01-27 16:15:37 - Atividade do usuário detectada: Mouse movido para (983, 1055)
2025-01-27 16:15:38 - Atividade do usuário detectada: Mouse movido para (1239, 810)
2025-01-27 16:15:38 - Iniciando ciclo de atividade
2025-01-27 16:15:38 - Verificando conexão RDP
2025-01-27 16:15:38 - Tentando manter sessão RDP ativa
2025-01-27 16:15:38 - Erro ao manter RDP: module 'win32ts' has no attribute 'WTSResetPersistentSession'
2025-01-27 16:15:38 - Prevenindo bloqueio de tela
2025-01-27 16:15:38 - Ciclo completado: Mantendo conexões ativas
Última atividade: 16:15:38 (#4)
Próxima ação em 120 segundos
Status do Teams: Não Perturbe
2025-01-27 16:15:38 - Verificando horário: 16:15:38
2025-01-27 16:15:39 - Atividade do usuário detectada: Mouse movido para (1659, 14)
2025-01-27 16:15:40 - Atividade do usuário detectada: Mouse movido para (1214, 678)
2025-01-27 16:15:41 - Atividade do usuário detectada: Mouse movido para (1341, 710)
2025-01-27 16:15:42 - Atividade do usuário detectada: Mouse movido para (1343, 717)
2025-01-27 16:15:43 - Atividade do usuário detectada: Mouse movido para (1389, 724)
2025-01-27 16:15:45 - Atividade do usuário detectada: Mouse movido para (1352, 747)
2025-01-27 16:15:46 - Atividade do usuário detectada: Mouse movido para (1483, 750)
2025-01-27 16:15:49 - Atividade do usuário detectada: Mouse movido para (1485, 745)
2025-01-27 16:15:54 - Atividade do usuário detectada: Mouse movido para (1122, 502)
2025-01-27 16:15:55 - Atividade do usuário detectada: Mouse movido para (1006, 255)
2025-01-27 16:15:56 - Atividade do usuário detectada: Mouse movido para (985, 263)
2025-01-27 16:15:57 - Atividade do usuário detectada: Mouse movido para (1336, 313)
2025-01-27 16:15:58 - Atividade do usuário detectada: Mouse movido para (1381, 408)
2025-01-27 16:15:59 - Atividade do usuário detectada: Mouse movido para (1445, 478)
2025-01-27 16:16:03 - Atividade do usuário detectada: Mouse movido para (1452, 613)
2025-01-27 16:16:04 - Atividade do usuário detectada: Mouse movido para (1385, 621)
2025-01-27 16:16:05 - Atividade do usuário detectada: Mouse movido para (326, 322)
2025-01-27 16:16:06 - Atividade do usuário detectada: Mouse movido para (342, 331)
2025-01-27 16:16:07 - Atividade do usuário detectada: Mouse movido para (342, 333)
2025-01-27 16:16:08 - Atividade do usuário detectada: Mouse movido para (833, 438)
2025-01-27 16:16:09 - Atividade do usuário detectada: Mouse movido para (1482, 662)
2025-01-27 16:16:10 - Atividade do usuário detectada: Mouse movido para (1478, 632)
2025-01-27 16:16:12 - Atividade do usuário detectada: Mouse movido para (1471, 584)
2025-01-27 16:16:13 - Atividade do usuário detectada: Mouse movido para (1250, 707)
2025-01-27 16:16:14 - Atividade do usuário detectada: Mouse movido para (1101, 813)
2025-01-27 16:16:15 - Atividade do usuário detectada: Mouse movido para (1188, 714)
2025-01-27 16:16:16 - Atividade do usuário detectada: Mouse movido para (1190, 713)
2025-01-27 16:16:17 - Atividade do usuário detectada: Mouse movido para (865, 493)
2025-01-27 16:16:18 - Atividade do usuário detectada: Mouse movido para (757, 1053)
2025-01-27 16:16:19 - Atividade do usuário detectada: Mouse movido para (789, 1047)
2025-01-27 16:16:20 - Atividade do usuário detectada: Mouse movido para (495, 457)
2025-01-27 16:16:21 - Atividade do usuário detectada: Mouse movido para (678, 296)
2025-01-27 16:16:22 - Atividade do usuário detectada: Mouse movido para (1423, 781)
2025-01-27 16:16:23 - Atividade do usuário detectada: Mouse movido para (1464, 818)
2025-01-27 16:16:24 - Atividade do usuário detectada: Mouse movido para (1480, 816)
2025-01-27 16:16:25 - Atividade do usuário detectada: Mouse movido para (981, 1026)
2025-01-27 16:16:26 - Atividade do usuário detectada: Mouse movido para (960, 1066)
2025-01-27 16:16:27 - Atividade do usuário detectada: Mouse movido para (872, 983)
2025-01-27 16:16:28 - Atividade do usuário detectada: Mouse movido para (89, 0)
2025-01-27 16:16:29 - Atividade do usuário detectada: Mouse movido para (447, 828)
2025-01-27 16:16:30 - Atividade do usuário detectada: Mouse movido para (612, 974)
2025-01-27 16:16:31 - Atividade do usuário detectada: Mouse movido para (611, 975)
2025-01-27 16:16:33 - Atividade do usuário detectada: Mouse movido para (908, 964)
2025-01-27 16:16:34 - Atividade do usuário detectada: Mouse movido para (1093, 1063)
2025-01-27 16:16:35 - Atividade do usuário detectada: Mouse movido para (976, 1057)
2025-01-27 16:16:36 - Atividade do usuário detectada: Mouse movido para (946, 995)
2025-01-27 16:16:37 - Atividade do usuário detectada: Mouse movido para (1599, 0)
2025-01-27 16:16:38 - Atividade do usuário detectada: Mouse movido para (1055, 380)
2025-01-27 16:16:38 - Verificando horário: 16:16:38
2025-01-27 16:16:39 - Atividade do usuário detectada: Mouse movido para (1173, 783)
2025-01-27 16:16:40 - Atividade do usuário detectada: Mouse movido para (1331, 225)
2025-01-27 16:16:41 - Atividade do usuário detectada: Mouse movido para (1397, 484)
2025-01-27 16:16:42 - Atividade do usuário detectada: Mouse movido para (1431, 619)
2025-01-27 16:16:43 - Atividade do usuário detectada: Mouse movido para (1412, 616)
2025-01-27 16:16:44 - Atividade do usuário detectada: Mouse movido para (1549, 563)
2025-01-27 16:16:51 - Atividade do usuário detectada: Mouse movido para (1518, 543)
2025-01-27 16:16:52 - Atividade do usuário detectada: Mouse movido para (1533, 249)
2025-01-27 16:16:53 - Atividade do usuário detectada: Mouse movido para (1236, 258)
2025-01-27 16:16:54 - Atividade do usuário detectada: Mouse movido para (1695, 160)
2025-01-27 16:16:55 - Atividade do usuário detectada: Mouse movido para (1667, 20)
2025-01-27 16:16:56 - Atividade do usuário detectada: Mouse movido para (1459, 671)
2025-01-27 16:16:57 - Atividade do usuário detectada: Mouse movido para (1457, 663)
2025-01-27 16:17:00 - Atividade do usuário detectada: Mouse movido para (1017, 559)
2025-01-27 16:17:01 - Atividade do usuário detectada: Mouse movido para (1040, 1079)
2025-01-27 16:17:02 - Atividade do usuário detectada: Mouse movido para (792, 1057)
2025-01-27 16:17:03 - Atividade do usuário detectada: Mouse movido para (694, 266)
2025-01-27 16:17:04 - Atividade do usuário detectada: Mouse movido para (632, 183)
2025-01-27 16:17:05 - Atividade do usuário detectada: Mouse movido para (687, 203)
2025-01-27 16:17:06 - Atividade do usuário detectada: Mouse movido para (1475, 753)
2025-01-27 16:17:07 - Atividade do usuário detectada: Mouse movido para (1472, 921)
2025-01-27 16:17:08 - Atividade do usuário detectada: Mouse movido para (1465, 878)
2025-01-27 16:17:09 - Atividade do usuário detectada: Mouse movido para (1173, 1073)
2025-01-27 16:17:10 - Atividade do usuário detectada: Mouse movido para (772, 1066)
2025-01-27 16:17:11 - Atividade do usuário detectada: Mouse movido para (922, 1061)
2025-01-27 16:17:12 - Atividade do usuário detectada: Mouse movido para (928, 1060)
2025-01-27 16:17:13 - Atividade do usuário detectada: Mouse movido para (225, 22)
2025-01-27 16:17:14 - Atividade do usuário detectada: Mouse movido para (678, 1026)
2025-01-27 16:17:15 - Atividade do usuário detectada: Mouse movido para (726, 931)
2025-01-27 16:17:16 - Atividade do usuário detectada: Mouse movido para (583, 893)
2025-01-27 16:17:17 - Atividade do usuário detectada: Mouse movido para (1032, 1064)
2025-01-27 16:17:18 - Atividade do usuário detectada: Mouse movido para (1223, 1052)
2025-01-27 16:17:19 - Atividade do usuário detectada: Mouse movido para (1085, 1079)
2025-01-27 16:17:20 - Atividade do usuário detectada: Mouse movido para (1821, 24)
2025-01-27 16:17:21 - Atividade do usuário detectada: Mouse movido para (1074, 1064)
2025-01-27 16:17:22 - Atividade do usuário detectada: Mouse movido para (1614, 249)
2025-01-27 16:17:23 - Atividade do usuário detectada: Mouse movido para (1051, 43)
2025-01-27 16:17:24 - Atividade do usuário detectada: Mouse movido para (1015, 57)
2025-01-27 16:17:25 - Atividade do usuário detectada: Mouse movido para (552, 582)
2025-01-27 16:17:26 - Atividade do usuário detectada: Mouse movido para (785, 1052)
2025-01-27 16:17:27 - Atividade do usuário detectada: Mouse movido para (377, 206)
2025-01-27 16:17:28 - Atividade do usuário detectada: Mouse movido para (221, 1)
2025-01-27 16:17:29 - Atividade do usuário detectada: Mouse movido para (602, 989)
2025-01-27 16:17:30 - Atividade do usuário detectada: Mouse movido para (609, 985)
2025-01-27 16:17:32 - Atividade do usuário detectada: Mouse movido para (612, 985)
2025-01-27 16:17:33 - Atividade do usuário detectada: Mouse movido para (809, 963)
2025-01-27 16:17:34 - Atividade do usuário detectada: Mouse movido para (1309, 1050)
2025-01-27 16:17:35 - Atividade do usuário detectada: Mouse movido para (1341, 1045)
2025-01-27 16:17:36 - Atividade do usuário detectada: Mouse movido para (919, 1001)
2025-01-27 16:17:37 - Atividade do usuário detectada: Mouse movido para (1223, 1021)
2025-01-27 16:17:38 - Atividade do usuário detectada: Mouse movido para (374, 730)
2025-01-27 16:17:38 - Iniciando ciclo de atividade
2025-01-27 16:17:38 - Verificando conexão RDP
2025-01-27 16:17:38 - Tentando manter sessão RDP ativa
2025-01-27 16:17:38 - Erro ao manter RDP: module 'win32ts' has no attribute 'WTSResetPersistentSession'
2025-01-27 16:17:38 - Prevenindo bloqueio de tela
2025-01-27 16:17:38 - Ciclo completado: Mantendo conexões ativas
Última atividade: 16:17:38 (#5)
Próxima ação em 120 segundos
Status do Teams: Não Perturbe
2025-01-27 16:17:38 - Verificando horário: 16:17:38
2025-01-27 16:17:39 - Atividade do usuário detectada: Mouse movido para (563, 756)
2025-01-27 16:17:40 - Atividade do usuário detectada: Mouse movido para (666, 754)
2025-01-27 16:17:41 - Atividade do usuário detectada: Mouse movido para (746, 601)
2025-01-27 16:17:42 - Atividade do usuário detectada: Mouse movido para (745, 599)
2025-01-27 16:17:43 - Atividade do usuário detectada: Mouse movido para (786, 662)
2025-01-27 16:17:44 - Atividade do usuário detectada: Mouse movido para (799, 665)
2025-01-27 16:17:45 - Atividade do usuário detectada: Mouse movido para (870, 687)
2025-01-27 16:17:46 - Atividade do usuário detectada: Mouse movido para (873, 765)
2025-01-27 16:17:47 - Atividade do usuário detectada: Mouse movido para (863, 916)
2025-01-27 16:17:48 - Atividade do usuário detectada: Mouse movido para (1344, 787)
2025-01-27 16:17:49 - Atividade do usuário detectada: Mouse movido para (1445, 773)
2025-01-27 16:17:50 - Atividade do usuário detectada: Mouse movido para (1307, 1067)
2025-01-27 16:17:51 - Atividade do usuário detectada: Mouse movido para (1316, 557)
2025-01-27 16:17:52 - Atividade do usuário detectada: Mouse movido para (1171, 274)
2025-01-27 16:17:53 - Atividade do usuário detectada: Mouse movido para (1169, 276)
2025-01-27 16:17:53 - Minimizando para a bandeja
2025-01-27 16:17:54 - Atividade do usuário detectada: Mouse movido para (1355, 792)
2025-01-27 16:17:55 - Atividade do usuário detectada: Mouse movido para (1100, 1069)
2025-01-27 16:17:56 - Atividade do usuário detectada: Mouse movido para (781, 1045)
2025-01-27 16:17:57 - Atividade do usuário detectada: Mouse movido para (734, 1057)
2025-01-27 16:17:58 - Atividade do usuário detectada: Mouse movido para (996, 429)
2025-01-27 16:17:59 - Atividade do usuário detectada: Mouse movido para (862, 406)
2025-01-27 16:18:00 - Atividade do usuário detectada: Mouse movido para (887, 416)
2025-01-27 16:18:01 - Atividade do usuário detectada: Mouse movido para (844, 382)
2025-01-27 16:18:02 - Atividade do usuário detectada: Mouse movido para (836, 373)
2025-01-27 16:18:04 - Atividade do usuário detectada: Mouse movido para (829, 397)
2025-01-27 16:18:05 - Atividade do usuário detectada: Mouse movido para (828, 397)
2025-01-27 16:18:06 - Atividade do usuário detectada: Mouse movido para (887, 613)
2025-01-27 16:18:07 - Atividade do usuário detectada: Mouse movido para (1018, 692)
2025-01-27 16:18:08 - Atividade do usuário detectada: Mouse movido para (983, 499)
2025-01-27 16:18:09 - Atividade do usuário detectada: Mouse movido para (1369, 751)
2025-01-27 16:18:10 - Atividade do usuário detectada: Mouse movido para (1363, 766)
2025-01-27 16:18:14 - Atividade do usuário detectada: Mouse movido para (880, 410)
2025-01-27 16:18:15 - Atividade do usuário detectada: Mouse movido para (858, 420)
2025-01-27 16:18:16 - Atividade do usuário detectada: Mouse movido para (1192, 642)
2025-01-27 16:18:17 - Atividade do usuário detectada: Mouse movido para (699, 345)
2025-01-27 16:18:18 - Atividade do usuário detectada: Mouse movido para (872, 412)
2025-01-27 16:18:19 - Atividade do usuário detectada: Mouse movido para (874, 420)
2025-01-27 16:18:20 - Atividade do usuário detectada: Mouse movido para (1054, 861)
2025-01-27 16:18:21 - Atividade do usuário detectada: Mouse movido para (982, 522)
2025-01-27 16:18:22 - Atividade do usuário detectada: Mouse movido para (954, 540)
2025-01-27 16:18:23 - Atividade do usuário detectada: Mouse movido para (834, 396)
2025-01-27 16:18:24 - Atividade do usuário detectada: Mouse movido para (935, 443)
2025-01-27 16:18:25 - Atividade do usuário detectada: Mouse movido para (928, 503)
2025-01-27 16:18:26 - Atividade do usuário detectada: Mouse movido para (956, 680)
2025-01-27 16:18:27 - Atividade do usuário detectada: Mouse movido para (949, 548)
2025-01-27 16:18:28 - Atividade do usuário detectada: Mouse movido para (1051, 620)
2025-01-27 16:18:29 - Atividade do usuário detectada: Mouse movido para (1218, 1063)
2025-01-27 16:18:30 - Atividade do usuário detectada: Mouse movido para (1224, 920)
2025-01-27 16:18:31 - Atividade do usuário detectada: Mouse movido para (1109, 436)
2025-01-27 16:18:32 - Atividade do usuário detectada: Mouse movido para (1646, 728)
2025-01-27 16:18:33 - Atividade do usuário detectada: Mouse movido para (1781, 760)
2025-01-27 16:18:34 - Atividade do usuário detectada: Mouse movido para (1778, 775)
2025-01-27 16:18:35 - Atividade do usuário detectada: Mouse movido para (1775, 776)
2025-01-27 16:18:36 - Atividade do usuário detectada: Mouse movido para (1744, 749)
2025-01-27 16:18:37 - Atividade do usuário detectada: Mouse movido para (1783, 757)
2025-01-27 16:18:38 - Atividade do usuário detectada: Mouse movido para (1790, 750)
2025-01-27 16:18:38 - Verificando horário: 16:18:38
2025-01-27 16:18:39 - Atividade do usuário detectada: Mouse movido para (1768, 733)
2025-01-27 16:18:40 - Atividade do usuário detectada: Mouse movido para (1704, 625)
2025-01-27 16:18:41 - Atividade do usuário detectada: Mouse movido para (1718, 912)
2025-01-27 16:18:42 - Atividade do usuário detectada: Mouse movido para (1685, 839)
2025-01-27 16:18:43 - Atividade do usuário detectada: Mouse movido para (1541, 962)
2025-01-27 16:18:44 - Atividade do usuário detectada: Mouse movido para (1067, 512)
2025-01-27 16:18:45 - Atividade do usuário detectada: Mouse movido para (1088, 434)
2025-01-27 16:18:46 - Atividade do usuário detectada: Mouse movido para (1491, 1021)
2025-01-27 16:19:00 - Atividade do usuário detectada: Mouse movido para (1482, 377)
2025-01-27 16:19:01 - Atividade do usuário detectada: Mouse movido para (1831, 34)
2025-01-27 16:19:02 - Atividade do usuário detectada: Mouse movido para (1194, 553)
2025-01-27 16:19:03 - Atividade do usuário detectada: Mouse movido para (974, 1000)
2025-01-27 16:19:04 - Atividade do usuário detectada: Mouse movido para (748, 1066)
2025-01-27 16:19:05 - Atividade do usuário detectada: Mouse movido para (990, 1068)
2025-01-27 16:19:06 - Atividade do usuário detectada: Mouse movido para (983, 1046)
2025-01-27 16:19:07 - Atividade do usuário detectada: Mouse movido para (867, 835)
2025-01-27 16:19:08 - Atividade do usuário detectada: Mouse movido para (1015, 706)
2025-01-27 16:19:09 - Atividade do usuário detectada: Mouse movido para (688, 481)
2025-01-27 16:19:10 - Atividade do usuário detectada: Mouse movido para (1194, 697)
2025-01-27 16:19:11 - Atividade do usuário detectada: Mouse movido para (1774, 944)
2025-01-27 16:19:12 - Atividade do usuário detectada: Mouse movido para (1677, 1024)
2025-01-27 16:19:13 - Atividade do usuário detectada: Mouse movido para (931, 1051)
2025-01-27 16:19:14 - Atividade do usuário detectada: Mouse movido para (926, 1059)
2025-01-27 16:19:15 - Atividade do usuário detectada: Mouse movido para (1187, 1067)
2025-01-27 16:19:16 - Atividade do usuário detectada: Mouse movido para (1187, 1066)
2025-01-27 16:19:17 - Atividade do usuário detectada: Mouse movido para (1150, 1060)
2025-01-27 16:19:18 - Atividade do usuário detectada: Mouse movido para (878, 1056)
2025-01-27 16:19:19 - Atividade do usuário detectada: Mouse movido para (871, 454)
2025-01-27 16:19:23 - Atividade do usuário detectada: Mouse movido para (1137, 439)
2025-01-27 16:19:24 - Atividade do usuário detectada: Mouse movido para (1727, 51)
2025-01-27 16:19:25 - Atividade do usuário detectada: Mouse movido para (1333, 610)
2025-01-27 16:19:26 - Atividade do usuário detectada: Mouse movido para (1131, 792)
2025-01-27 16:19:27 - Atividade do usuário detectada: Mouse movido para (1538, 999)
2025-01-27 16:19:28 - Atividade do usuário detectada: Mouse movido para (1660, 1054)
2025-01-27 16:19:29 - Atividade do usuário detectada: Mouse movido para (1679, 1024)
2025-01-27 16:19:30 - Encerrando aplicação
2025-01-27 16:19:30 - Parando serviço
2025-01-27 16:19:31 - Verificando horário: 16:19:31
2025-01-27 16:19:31 - Dentro do horário programado - iniciando
2025-01-27 16:19:31 - Iniciando serviço
2025-01-27 16:19:33 - Atividade do usuário detectada: Mouse movido para (1044, 880)
2025-01-27 16:19:34 - Atividade do usuário detectada: Mouse movido para (1258, 1003)
2025-01-27 16:19:36 - Atividade do usuário detectada: Mouse movido para (1000, 949)
2025-01-27 16:19:37 - Atividade do usuário detectada: Mouse movido para (1096, 935)
2025-01-27 16:19:38 - Atividade do usuário detectada: Mouse movido para (1099, 935)
2025-01-27 16:19:39 - Atividade do usuário detectada: Mouse movido para (928, 913)
2025-01-27 16:19:40 - Atividade do usuário detectada: Mouse movido para (1341, 1074)
2025-01-27 16:19:41 - Atividade do usuário detectada: Mouse movido para (1309, 964)
2025-01-27 16:19:42 - Atividade do usuário detectada: Mouse movido para (1097, 596)
2025-01-27 16:19:43 - 1. Atualizando botões da interface...
2025-01-27 16:19:43 - 2. Procurando janela do Teams...
2025-01-27 16:19:43 -    Encontrada janela: Atividade | RTA - Migración de sistemas legados (PI System) | Microsoft Teams (hwnd: 198652)
2025-01-27 16:19:43 - 3. Tentando janela: Atividade | RTA - Migración de sistemas legados (PI System) | Microsoft Teams
2025-01-27 16:19:43 - 4. Focando janela do Teams...
2025-01-27 16:19:44 - 5. Abrindo caixa de pesquisa (Ctrl+E)...
2025-01-27 16:19:44 - 6. Enviando comando: /busy
2025-01-27 16:19:46 - 7. Retornando à janela original...
2025-01-27 16:19:46 - Status alterado com sucesso!
2025-01-27 16:19:46 - Atividade do usuário detectada: Mouse movido para (879, 562)
2025-01-27 16:20:01 - Atividade do usuário detectada: Mouse movido para (971, 159)
2025-01-27 16:20:02 - Atividade do usuário detectada: Mouse movido para (984, 128)
2025-01-27 16:20:16 - Atividade do usuário detectada: Mouse movido para (1105, 1053)
2025-01-27 16:20:17 - Atividade do usuário detectada: Mouse movido para (1040, 1001)
2025-01-27 16:20:18 - Atividade do usuário detectada: Mouse movido para (974, 1074)
2025-01-27 16:20:19 - Atividade do usuário detectada: Mouse movido para (1082, 990)
2025-01-27 16:20:20 - Atividade do usuário detectada: Mouse movido para (465, 965)
2025-01-27 16:20:21 - Atividade do usuário detectada: Mouse movido para (464, 966)
2025-01-27 16:20:31 - Verificando horário: 16:20:31
2025-01-27 16:21:31 - Verificando horário: 16:21:31
2025-01-27 16:21:31 - Iniciando ciclo de atividade
2025-01-27 16:21:31 - Verificando conexão RDP
2025-01-27 16:21:31 - Tentando manter sessão RDP ativa
2025-01-27 16:21:31 - Erro ao manter RDP: module 'win32ts' has no attribute 'WTSResetPersistentSession'
2025-01-27 16:21:31 - Prevenindo bloqueio de tela
2025-01-27 16:21:31 - Ciclo completado: Mantendo conexões ativas
Última atividade: 16:21:31 (#1)
Próxima ação em 120 segundos
Status do Teams: Ocupado
2025-01-27 16:22:12 - Atividade do usuário detectada: Mouse movido para (856, 786)
2025-01-27 16:22:13 - Atividade do usuário detectada: Mouse movido para (1663, 17)
2025-01-27 16:22:14 - Atividade do usuário detectada: Mouse movido para (1683, 13)
2025-01-27 16:22:15 - Atividade do usuário detectada: Mouse movido para (1549, 417)
2025-01-27 16:22:16 - Atividade do usuário detectada: Mouse movido para (1511, 455)
2025-01-27 16:22:17 - Atividade do usuário detectada: Mouse movido para (1502, 92)
2025-01-27 16:22:18 - Atividade do usuário detectada: Mouse movido para (1015, 504)
2025-01-27 16:22:19 - Atividade do usuário detectada: Mouse movido para (1283, 546)
2025-01-27 16:22:20 - Atividade do usuário detectada: Mouse movido para (1318, 559)
2025-01-27 16:22:25 - Atividade do usuário detectada: Mouse movido para (895, 439)
2025-01-27 16:22:26 - Atividade do usuário detectada: Mouse movido para (503, 490)
2025-01-27 16:22:27 - Atividade do usuário detectada: Mouse movido para (1725, 0)
2025-01-27 16:22:28 - Atividade do usuário detectada: Mouse movido para (1693, 13)
2025-01-27 16:22:29 - Atividade do usuário detectada: Mouse movido para (1709, 28)
2025-01-27 16:22:30 - Atividade do usuário detectada: Mouse movido para (1568, 270)
2025-01-27 16:22:31 - Verificando horário: 16:22:31
2025-01-27 16:22:31 - Atividade do usuário detectada: Mouse movido para (1449, 254)
2025-01-27 16:22:32 - Atividade do usuário detectada: Mouse movido para (1015, 209)
2025-01-27 16:22:33 - Atividade do usuário detectada: Mouse movido para (1687, 18)
2025-01-27 16:22:36 - Atividade do usuário detectada: Mouse movido para (1443, 496)
2025-01-27 16:22:37 - Atividade do usuário detectada: Mouse movido para (882, 635)
2025-01-27 16:22:38 - Atividade do usuário detectada: Mouse movido para (1684, 31)
2025-01-27 16:22:39 - Atividade do usuário detectada: Mouse movido para (942, 353)
2025-01-27 16:22:40 - Atividade do usuário detectada: Mouse movido para (371, 202)
2025-01-27 16:22:41 - Atividade do usuário detectada: Mouse movido para (736, 439)
2025-01-27 16:22:42 - Atividade do usuário detectada: Mouse movido para (443, 653)
2025-01-27 16:22:43 - Atividade do usuário detectada: Mouse movido para (604, 864)
2025-01-27 16:22:44 - Atividade do usuário detectada: Mouse movido para (598, 774)
2025-01-27 16:22:45 - Atividade do usuário detectada: Mouse movido para (1012, 589)
2025-01-27 16:22:46 - Atividade do usuário detectada: Mouse movido para (709, 367)
2025-01-27 16:22:47 - Atividade do usuário detectada: Mouse movido para (916, 607)
2025-01-27 16:22:48 - Atividade do usuário detectada: Mouse movido para (1258, 722)
2025-01-27 16:22:49 - Atividade do usuário detectada: Mouse movido para (1271, 667)
2025-01-27 16:22:50 - Atividade do usuário detectada: Mouse movido para (457, 549)
2025-01-27 16:22:51 - Atividade do usuário detectada: Mouse movido para (240, 0)
2025-01-27 16:22:52 - Atividade do usuário detectada: Mouse movido para (653, 488)
2025-01-27 16:22:53 - Atividade do usuário detectada: Mouse movido para (1116, 19)
2025-01-27 16:22:54 - Atividade do usuário detectada: Mouse movido para (1118, 19)
2025-01-27 16:22:55 - Atividade do usuário detectada: Mouse movido para (1079, 24)
2025-01-27 16:22:56 - Atividade do usuário detectada: Mouse movido para (1006, 19)
2025-01-27 16:22:57 - Atividade do usuário detectada: Mouse movido para (1066, 16)
2025-01-27 16:22:58 - Atividade do usuário detectada: Mouse movido para (950, 19)
2025-01-27 16:22:59 - Atividade do usuário detectada: Mouse movido para (830, 19)
2025-01-27 16:23:00 - Atividade do usuário detectada: Mouse movido para (848, 23)
2025-01-27 16:23:01 - Atividade do usuário detectada: Mouse movido para (696, 97)
2025-01-27 16:23:02 - Atividade do usuário detectada: Mouse movido para (431, 0)
2025-01-27 16:23:03 - Atividade do usuário detectada: Mouse movido para (303, 0)
2025-01-27 16:23:04 - Atividade do usuário detectada: Mouse movido para (427, 221)
2025-01-27 16:23:05 - Atividade do usuário detectada: Mouse movido para (706, 446)
2025-01-27 16:23:06 - Atividade do usuário detectada: Mouse movido para (715, 479)
2025-01-27 16:23:07 - Atividade do usuário detectada: Mouse movido para (687, 591)
2025-01-27 16:23:08 - Atividade do usuário detectada: Mouse movido para (408, 644)
2025-01-27 16:23:09 - Atividade do usuário detectada: Mouse movido para (683, 621)
2025-01-27 16:23:10 - Atividade do usuário detectada: Mouse movido para (684, 622)
2025-01-27 16:23:13 - Atividade do usuário detectada: Mouse movido para (690, 590)
2025-01-27 16:23:14 - Atividade do usuário detectada: Mouse movido para (704, 584)
2025-01-27 16:23:20 - Atividade do usuário detectada: Mouse movido para (945, 592)
2025-01-27 16:23:21 - Atividade do usuário detectada: Mouse movido para (978, 606)
2025-01-27 16:23:25 - Atividade do usuário detectada: Mouse movido para (564, 632)
2025-01-27 16:23:26 - Atividade do usuário detectada: Mouse movido para (657, 686)
2025-01-27 16:23:29 - Atividade do usuário detectada: Mouse movido para (645, 719)
2025-01-27 16:23:30 - Atividade do usuário detectada: Mouse movido para (1126, 978)
2025-01-27 16:23:31 - Verificando horário: 16:23:31
2025-01-27 16:23:31 - Iniciando ciclo de atividade
2025-01-27 16:23:31 - Verificando conexão RDP
2025-01-27 16:23:31 - Tentando manter sessão RDP ativa
2025-01-27 16:23:31 - Erro ao manter RDP: module 'win32ts' has no attribute 'WTSResetPersistentSession'
2025-01-27 16:23:31 - Prevenindo bloqueio de tela
2025-01-27 16:23:31 - Ciclo completado: Mantendo conexões ativas
Última atividade: 16:23:31 (#2)
Próxima ação em 120 segundos
Status do Teams: Ocupado
2025-01-27 16:23:31 - Atividade do usuário detectada: Mouse movido para (1735, 1006)
2025-01-27 16:23:32 - Atividade do usuário detectada: Mouse movido para (950, 1053)
2025-01-27 16:23:33 - Atividade do usuário detectada: Mouse movido para (980, 1067)
2025-01-27 16:23:34 - Atividade do usuário detectada: Mouse movido para (991, 1062)
2025-01-27 16:23:35 - Atividade do usuário detectada: Mouse movido para (883, 1062)
2025-01-27 16:23:36 - Atividade do usuário detectada: Mouse movido para (818, 760)
2025-01-27 16:23:37 - Atividade do usuário detectada: Mouse movido para (1041, 923)
2025-01-27 16:24:20 - Iniciando serviço
2025-01-27 16:24:34 - Status alterado com sucesso usando comando: /disponivel
2025-01-27 16:24:34 - ERRO CRÍTICO ao alterar status: Nenhuma janela do Teams respondeu corretamente
2025-01-27 16:24:48 - Status alterado com sucesso usando comando: /disponivel
2025-01-27 16:24:48 - ERRO CRÍTICO ao alterar status: Nenhuma janela do Teams respondeu corretamente
2025-01-27 16:26:20 - Iniciando ciclo de atividade
2025-01-27 16:28:04 - Parando serviço
2025-01-27 16:28:05 - Iniciando serviço
2025-01-27 16:28:22 - Status alterado com sucesso
2025-01-27 16:28:23 - ERRO CRÍTICO ao alterar status: Nenhuma janela do Teams respondeu corretamente
2025-01-27 16:28:31 - Status alterado com sucesso
2025-01-27 16:28:32 - ERRO CRÍTICO ao alterar status: Nenhuma janela do Teams respondeu corretamente
2025-01-27 16:28:37 - Status alterado com sucesso
2025-01-27 16:28:37 - ERRO CRÍTICO ao alterar status: Nenhuma janela do Teams respondeu corretamente
2025-01-27 16:28:51 - Status alterado com sucesso
2025-01-27 16:28:51 - ERRO CRÍTICO ao alterar status: Nenhuma janela do Teams respondeu corretamente
2025-01-27 16:28:55 - Status alterado com sucesso
2025-01-27 16:28:56 - ERRO CRÍTICO ao alterar status: Nenhuma janela do Teams respondeu corretamente
2025-01-27 16:28:59 - Status alterado com sucesso
2025-01-27 16:29:00 - ERRO CRÍTICO ao alterar status: Nenhuma janela do Teams respondeu corretamente
2025-01-27 16:29:10 - Status alterado com sucesso
2025-01-27 16:29:10 - ERRO CRÍTICO ao alterar status: Nenhuma janela do Teams respondeu corretamente
2025-01-27 16:29:42 - Status alterado com sucesso
2025-01-27 16:29:42 - ERRO CRÍTICO ao alterar status: Nenhuma janela do Teams respondeu corretamente
2025-01-27 16:29:56 - Status alterado com sucesso
2025-01-27 16:29:56 - ERRO CRÍTICO ao alterar status: Nenhuma janela do Teams respondeu corretamente
2025-01-27 16:30:05 - Iniciando ciclo de atividade
2025-01-27 16:30:12 - Status alterado com sucesso
2025-01-27 16:30:13 - ERRO CRÍTICO ao alterar status: Nenhuma janela do Teams respondeu corretamente
2025-01-27 16:30:23 - Status alterado com sucesso
2025-01-27 16:30:23 - ERRO CRÍTICO ao alterar status: Nenhuma janela do Teams respondeu corretamente
2025-01-27 16:30:34 - Status alterado com sucesso
2025-01-27 16:30:35 - ERRO CRÍTICO ao alterar status: Nenhuma janela do Teams respondeu corretamente
2025-01-27 16:32:05 - Iniciando ciclo de atividade
2025-01-27 16:34:05 - Iniciando ciclo de atividade
2025-01-27 16:36:05 - Iniciando ciclo de atividade
2025-01-27 16:36:50 - Parando serviço
2025-01-27 16:36:55 - Iniciando serviço
2025-01-27 16:37:04 - Status alterado com sucesso usando PT-BR
2025-01-27 16:37:04 - ERRO CRÍTICO ao alterar status: Nenhuma janela do Teams respondeu corretamente
2025-01-27 16:37:36 - Parando serviço
2025-01-27 16:38:12 - Iniciando serviço
2025-01-27 16:38:16 - Status alterado com sucesso usando PT-BR
2025-01-27 16:38:16 - ERRO CRÍTICO ao alterar status: Nenhuma janela do Teams respondeu corretamente
2025-01-27 16:38:25 - Status alterado com sucesso usando PT-BR
2025-01-27 16:38:26 - ERRO CRÍTICO ao alterar status: Nenhuma janela do Teams respondeu corretamente
2025-01-27 16:40:12 - Iniciando ciclo de atividade
2025-01-27 16:40:12 - Ciclo completado
2025-01-27 16:41:21 - Iniciando serviço
2025-01-27 16:41:33 - Status alterado com sucesso usando PT-BR
2025-01-27 16:41:34 - ERRO CRÍTICO ao alterar status: Nenhuma janela do Teams respondeu corretamente
2025-01-27 16:43:21 - Iniciando ciclo de atividade
2025-01-27 16:43:21 - Ciclo completado
2025-01-27 16:45:04 - Iniciando serviço
2025-01-27 16:45:09 - Status alterado com sucesso usando PT-BR
2025-01-27 16:45:09 - ERRO CRÍTICO ao alterar status: Nenhuma janela do Teams respondeu corretamente
2025-01-27 16:45:19 - Status alterado com sucesso usando PT-BR
2025-01-27 16:45:20 - ERRO CRÍTICO ao alterar status: Nenhuma janela do Teams respondeu corretamente
2025-01-27 16:45:24 - Status alterado com sucesso usando PT-BR
2025-01-27 16:45:24 - ERRO CRÍTICO ao alterar status: Nenhuma janela do Teams respondeu corretamente
2025-01-27 16:45:31 - Status alterado com sucesso usando PT-BR
2025-01-27 16:45:32 - ERRO CRÍTICO ao alterar status: Nenhuma janela do Teams respondeu corretamente
2025-01-27 16:45:36 - Status alterado com sucesso usando PT-BR
2025-01-27 16:45:36 - ERRO CRÍTICO ao alterar status: Nenhuma janela do Teams respondeu corretamente
2025-01-27 16:45:40 - Status alterado com sucesso usando PT-BR
2025-01-27 16:45:40 - ERRO CRÍTICO ao alterar status: Nenhuma janela do Teams respondeu corretamente
2025-01-27 16:45:43 - Status alterado com sucesso usando PT-BR
2025-01-27 16:45:44 - ERRO CRÍTICO ao alterar status: Nenhuma janela do Teams respondeu corretamente
2025-01-27 16:45:48 - Status alterado com sucesso usando PT-BR
2025-01-27 16:45:48 - ERRO CRÍTICO ao alterar status: Nenhuma janela do Teams respondeu corretamente
2025-01-27 16:45:51 - Status alterado com sucesso usando PT-BR
2025-01-27 16:45:51 - ERRO CRÍTICO ao alterar status: Nenhuma janela do Teams respondeu corretamente
2025-01-27 16:46:08 - Parando serviço
